2025-04-22 16:18:43,550 | frontend.flask.layer |ERROR | This seemed like a good idea 3 hours ago.
2025-04-22 16:18:43,551 | frontend.flask.layer |WARNING | Something went wrong. Probably your fault.
2025-04-22 16:18:43,551 | frontend.js |INFO | Thought process overflowed into dream state.
2025-04-22 16:18:43,551 | frontend |CRITICAL | Too many recursive thoughts.
2025-04-22 16:18:43,551 | frontend.flask.layer |WARNING | Sanity module missing.
2025-04-22 16:18:43,551 | frontend |ERROR | Too many browser tabs. One is now sentient.
2025-04-22 16:18:43,552 | frontend.js |ERROR | Your ambition has been archived or deleted.
2025-04-22 16:18:43,552 | frontend.js |INFO | No idea what you're doing.
2025-04-22 16:18:43,552 | frontend.flask.layer |CRITICAL | Uncaught exception in user behavior.
2025-04-22 16:18:43,554 | frontend.flask |WARNING | No idea what you're doing.
2025-04-22 16:18:43,554 | frontend |ERROR | Your ambition has been archived or deleted.
2025-04-22 16:18:43,554 | frontend.flask.layer |ERROR | This seemed like a good idea 3 hours ago.
2025-04-22 16:18:43,555 | frontend |WARNING | Thought process overflowed into dream state.
2025-04-22 16:18:43,555 | frontend |INFO | Your ambition has been archived or deleted.
2025-04-22 16:18:43,555 | frontend.js |WARNING | Uncaught exception in user behavior.
2025-04-22 16:18:43,556 | frontend.flask.layer |INFO | Confidence.exe unexpectedly closed.
2025-04-22 16:18:43,556 | frontend |INFO | Task completion not found.
2025-04-22 16:18:43,557 | frontend.flask.layer |ERROR | You can't just do that because you feel like it.
2025-04-22 16:18:43,557 | frontend.flask.layer |WARNING | Something went wrong. Probably your fault.
2025-04-22 16:18:43,558 | frontend.js |ERROR | You've been idle for 3 hours. We assumed you were crying.
2025-04-22 16:18:43,558 | frontend |WARNING | Tried to operate before coffee. Not permitted.
2025-04-22 16:18:43,558 | frontend |INFO | Confidence.exe unexpectedly closed.
2025-04-22 16:18:43,558 | frontend.js |INFO | Confidence.exe unexpectedly closed.
2025-04-22 16:18:43,558 | frontend.js |ERROR | Yes, everyone saw that. No, you can't undo it.
2025-04-22 16:18:43,559 | frontend |ERROR | Uncaught exception in user behavior.
2025-04-22 16:18:43,560 | frontend |INFO | Something went wrong. Probably your fault.
2025-04-22 16:18:43,560 | frontend.js |WARNING | Recollection of why you walked into the room not available.
2025-04-22 16:18:43,560 | frontend.flask.layer |INFO | You can't just do that because you feel like it.
2025-04-22 16:18:43,560 | frontend.flask.layer |WARNING | The system has given up. Please proceed manually.
2025-04-22 16:18:43,560 | frontend.flask.layer |ERROR | Something went wrong. Probably your fault.
2025-04-22 16:18:43,561 | frontend |WARNING | Too many recursive thoughts.
2025-04-22 16:18:43,561 | frontend.flask.layer |WARNING | Too many recursive thoughts.
2025-04-22 16:18:43,561 | frontend |INFO | Thought process overflowed into dream state.
