2025-04-22 16:18:43,549 | sql_logger |ERROR | Too many browser tabs. One is now sentient.
2025-04-22 16:18:43,550 | sql_logger |INFO | Too many recursive thoughts.
2025-04-22 16:18:43,550 | sql_logger |WARNING | Task completion not found.
2025-04-22 16:18:43,550 | sql_logger |ERROR | No idea what you're doing.
2025-04-22 16:18:43,551 | sql_logger |CRITICAL | Task completion not found.
2025-04-22 16:18:43,551 | sql_logger |ERROR | Thought process overflowed into dream state.
2025-04-22 16:18:43,552 | sql_logger |INFO | You can't just do that because you feel like it.
2025-04-22 16:18:43,557 | sql_logger |WARNING | Too many recursive thoughts.
2025-04-22 16:18:43,559 | sql_logger |ERROR | Uncaught exception in user behavior.
2025-04-22 16:18:43,561 | sql_logger |ERROR | You argued with someone on the internet.
2025-04-22 16:53:26,970 | sql_logger |INFO | Recollection of why you walked into the room not available.
2025-04-22 16:53:26,971 | sql_logger |CRITICAL | Yes, everyone saw that. No, you can't undo it.
2025-04-22 16:53:26,972 | sql_logger |WARNING | No idea what you're doing.
2025-04-22 16:53:26,973 | sql_logger |WARNING | Too many recursive thoughts.
2025-04-22 16:53:26,974 | sql_logger |CRITICAL | You can't just do that because you feel like it.
2025-04-22 16:53:26,974 | sql_logger |ERROR | You can't just do that because you feel like it.
2025-04-22 16:53:26,975 | sql_logger |ERROR | You can't just do that because you feel like it.
2025-04-22 16:53:26,977 | sql_logger |CRITICAL | No idea what you're doing.
2025-04-22 16:53:26,977 | sql_logger |CRITICAL | Sanity module missing.
2025-04-22 16:53:26,977 | sql_logger |WARNING | Too many recursive thoughts.
